<html>
<body>
<pre>
<h1>Vision Build Log</h1>
<h2>Project:</h2>
F:\历程\单片机1\定时.uvproj
Project File Date:  01/05/2020

<h2>Output:</h2>
Build target 'Target 1'
compiling 定时.c...
定时.C(31): error C141: syntax error near 'void'
Target not created
Build target 'Target 1'
compiling 定时.c...
linking...
Program Size: data=13.0 xdata=0 code=247
"定时" - 0 Error(s), 0 Warning(s).
Build target 'Target 1'
linking...
Program Size: data=13.0 xdata=0 code=247
creating hex file from "定时"...
"定时" - 0 Error(s), 0 Warning(s).
Build target 'Target 1'
compiling 定时.c...
定时.C(36): warning C206: '_crol_': missing function-prototype
定时.C(36): error C267: '_crol_': requires ANSI-style prototype
Target not created
Build target 'Target 1'
compiling 定时.c...
定时.C(38): warning C275: expression with possibly no effect
linking...
Program Size: data=17.0 xdata=0 code=313
creating hex file from "定时"...
"定时" - 0 Error(s), 1 Warning(s).
Build target 'Target 1'
compiling 定时.c...
定时.C(39): warning C275: expression with possibly no effect
linking...
Program Size: data=17.0 xdata=0 code=313
creating hex file from "定时"...
"定时" - 0 Error(s), 1 Warning(s).
Build target 'Target 1'
compiling 定时.c...
定时.C(39): warning C275: expression with possibly no effect
linking...
Program Size: data=17.0 xdata=0 code=316
creating hex file from "定时"...
"定时" - 0 Error(s), 1 Warning(s).
Build target 'Target 1'
compiling 定时.c...
定时.C(38): warning C275: expression with possibly no effect
linking...
Program Size: data=17.0 xdata=0 code=316
creating hex file from "定时"...
"定时" - 0 Error(s), 1 Warning(s).
Build target 'Target 1'
compiling 定时.c...
定时.C(38): warning C275: expression with possibly no effect
linking...
Program Size: data=19.0 xdata=0 code=324
creating hex file from "定时"...
"定时" - 0 Error(s), 1 Warning(s).
Build target 'Target 1'
compiling 定时.c...
定时.C(36): warning C275: expression with possibly no effect
linking...
Program Size: data=17.0 xdata=0 code=171
creating hex file from "定时"...
"定时" - 0 Error(s), 1 Warning(s).
Build target 'Target 1'
compiling 定时.c...
定时.C(34): warning C275: expression with possibly no effect
linking...
Program Size: data=17.0 xdata=0 code=146
creating hex file from "定时"...
"定时" - 0 Error(s), 1 Warning(s).
Build target 'Target 1'
compiling 定时.c...
定时.C(34): warning C275: expression with possibly no effect
linking...
Program Size: data=17.0 xdata=0 code=146
creating hex file from "定时"...
"定时" - 0 Error(s), 1 Warning(s).
Build target 'Target 1'
linking...
Program Size: data=17.0 xdata=0 code=146
creating hex file from "定时"...
"定时" - 0 Error(s), 0 Warning(s).
Build target 'Target 1'
compiling 定时.c...
定时.C(33): warning C275: expression with possibly no effect
linking...
Program Size: data=17.0 xdata=0 code=146
creating hex file from "定时"...
"定时" - 0 Error(s), 1 Warning(s).
Build target 'Target 1'
compiling 定时.c...
定时.C(33): warning C275: expression with possibly no effect
linking...
*** WARNING L16: UNCALLED SEGMENT, IGNORED FOR OVERLAY PROCESS
    SEGMENT: ?CO?定时
Program Size: data=17.0 xdata=0 code=108
creating hex file from "定时"...
"定时" - 0 Error(s), 2 Warning(s).
Build target 'Target 1'
compiling 定时.c...
定时.C(34): warning C275: expression with possibly no effect
linking...
*** WARNING L16: UNCALLED SEGMENT, IGNORED FOR OVERLAY PROCESS
    SEGMENT: ?CO?定时
Program Size: data=17.0 xdata=0 code=100
creating hex file from "定时"...
"定时" - 0 Error(s), 2 Warning(s).
Build target 'Target 1'
compiling 定时.c...
定时.C(36): warning C275: expression with possibly no effect
linking...
*** WARNING L16: UNCALLED SEGMENT, IGNORED FOR OVERLAY PROCESS
    SEGMENT: ?CO?定时
Program Size: data=18.0 xdata=0 code=105
creating hex file from "定时"...
"定时" - 0 Error(s), 2 Warning(s).
